<?xml version="1.0" encoding="UTF-8"?>
<testsuite xmlns:xsi="http://www.w3.org/2001/XMLSchema-instance" xsi:noNamespaceSchemaLocation="https://maven.apache.org/surefire/maven-surefire-plugin/xsd/surefire-test-report.xsd" name="kas.concurrente.LockTest" time="4.184" tests="1" errors="0" skipped="0" failures="0">
  <properties>
    <property name="java.specification.version" value="17"/>
    <property name="sun.jnu.encoding" value="UTF-8"/>
    <property name="java.class.path" value="/Users/kvothe/Documents/Unam/concurrente/Concurrente/Practica5/target/test-classes:/Users/kvothe/Documents/Unam/concurrente/Concurrente/Practica5/target/classes:/Users/kvothe/.m2/repository/org/junit/jupiter/junit-jupiter/5.5.1/junit-jupiter-5.5.1.jar:/Users/kvothe/.m2/repository/org/junit/jupiter/junit-jupiter-api/5.5.1/junit-jupiter-api-5.5.1.jar:/Users/kvothe/.m2/repository/org/apiguardian/apiguardian-api/1.1.0/apiguardian-api-1.1.0.jar:/Users/kvothe/.m2/repository/org/opentest4j/opentest4j/1.2.0/opentest4j-1.2.0.jar:/Users/kvothe/.m2/repository/org/junit/platform/junit-platform-commons/1.5.1/junit-platform-commons-1.5.1.jar:/Users/kvothe/.m2/repository/org/junit/jupiter/junit-jupiter-params/5.5.1/junit-jupiter-params-5.5.1.jar:/Users/kvothe/.m2/repository/org/junit/jupiter/junit-jupiter-engine/5.5.1/junit-jupiter-engine-5.5.1.jar:/Users/kvothe/.m2/repository/org/junit/platform/junit-platform-engine/1.5.1/junit-platform-engine-1.5.1.jar:"/>
    <property name="java.vm.vendor" value="Oracle Corporation"/>
    <property name="sun.arch.data.model" value="64"/>
    <property name="java.vendor.url" value="https://java.oracle.com/"/>
    <property name="os.name" value="Mac OS X"/>
    <property name="java.vm.specification.version" value="17"/>
    <property name="sun.java.launcher" value="SUN_STANDARD"/>
    <property name="user.country" value="MX"/>
    <property name="sun.boot.library.path" value="/Library/Java/JavaVirtualMachines/jdk-17.0.5.jdk/Contents/Home/lib"/>
    <property name="sun.java.command" value="/Users/kvothe/Documents/Unam/concurrente/Concurrente/Practica5/target/surefire/surefirebooter8533028638544599713.jar /Users/kvothe/Documents/Unam/concurrente/Concurrente/Practica5/target/surefire 2024-04-03T22-21-11_611-jvmRun1 surefire2518641985889957808tmp surefire_016877740715010006549tmp"/>
    <property name="http.nonProxyHosts" value="local|*.local|169.254/16|*.169.254/16"/>
    <property name="jdk.debug" value="release"/>
    <property name="test" value="LockTest#clhLock"/>
    <property name="surefire.test.class.path" value="/Users/kvothe/Documents/Unam/concurrente/Concurrente/Practica5/target/test-classes:/Users/kvothe/Documents/Unam/concurrente/Concurrente/Practica5/target/classes:/Users/kvothe/.m2/repository/org/junit/jupiter/junit-jupiter/5.5.1/junit-jupiter-5.5.1.jar:/Users/kvothe/.m2/repository/org/junit/jupiter/junit-jupiter-api/5.5.1/junit-jupiter-api-5.5.1.jar:/Users/kvothe/.m2/repository/org/apiguardian/apiguardian-api/1.1.0/apiguardian-api-1.1.0.jar:/Users/kvothe/.m2/repository/org/opentest4j/opentest4j/1.2.0/opentest4j-1.2.0.jar:/Users/kvothe/.m2/repository/org/junit/platform/junit-platform-commons/1.5.1/junit-platform-commons-1.5.1.jar:/Users/kvothe/.m2/repository/org/junit/jupiter/junit-jupiter-params/5.5.1/junit-jupiter-params-5.5.1.jar:/Users/kvothe/.m2/repository/org/junit/jupiter/junit-jupiter-engine/5.5.1/junit-jupiter-engine-5.5.1.jar:/Users/kvothe/.m2/repository/org/junit/platform/junit-platform-engine/1.5.1/junit-platform-engine-1.5.1.jar:"/>
    <property name="sun.cpu.endian" value="little"/>
    <property name="user.home" value="/Users/kvothe"/>
    <property name="user.language" value="en"/>
    <property name="java.specification.vendor" value="Oracle Corporation"/>
    <property name="java.version.date" value="2022-10-18"/>
    <property name="java.home" value="/Library/Java/JavaVirtualMachines/jdk-17.0.5.jdk/Contents/Home"/>
    <property name="file.separator" value="/"/>
    <property name="basedir" value="/Users/kvothe/Documents/Unam/concurrente/Concurrente/Practica5"/>
    <property name="java.vm.compressedOopsMode" value="Zero based"/>
    <property name="line.separator" value="&#10;"/>
    <property name="java.specification.name" value="Java Platform API Specification"/>
    <property name="java.vm.specification.vendor" value="Oracle Corporation"/>
    <property name="surefire.real.class.path" value="/Users/kvothe/Documents/Unam/concurrente/Concurrente/Practica5/target/surefire/surefirebooter8533028638544599713.jar"/>
    <property name="sun.management.compiler" value="HotSpot 64-Bit Tiered Compilers"/>
    <property name="ftp.nonProxyHosts" value="local|*.local|169.254/16|*.169.254/16"/>
    <property name="java.runtime.version" value="17.0.5+9-LTS-191"/>
    <property name="user.name" value="kvothe"/>
    <property name="path.separator" value=":"/>
    <property name="os.version" value="12.5"/>
    <property name="java.runtime.name" value="Java(TM) SE Runtime Environment"/>
    <property name="file.encoding" value="UTF-8"/>
    <property name="java.vm.name" value="Java HotSpot(TM) 64-Bit Server VM"/>
    <property name="localRepository" value="/Users/kvothe/.m2/repository"/>
    <property name="java.vendor.url.bug" value="https://bugreport.java.com/bugreport/"/>
    <property name="java.io.tmpdir" value="/var/folders/bq/vr8622wn2gz27_hx__xftr_w0000gn/T/"/>
    <property name="java.version" value="17.0.5"/>
    <property name="user.dir" value="/Users/kvothe/Documents/Unam/concurrente/Concurrente/Practica5"/>
    <property name="os.arch" value="aarch64"/>
    <property name="java.vm.specification.name" value="Java Virtual Machine Specification"/>
    <property name="native.encoding" value="UTF-8"/>
    <property name="java.library.path" value="/Users/kvothe/Library/Java/Extensions:/Library/Java/Extensions:/Network/Library/Java/Extensions:/System/Library/Java/Extensions:/usr/lib/java:."/>
    <property name="java.vm.info" value="mixed mode, sharing"/>
    <property name="java.vendor" value="Oracle Corporation"/>
    <property name="java.vm.version" value="17.0.5+9-LTS-191"/>
    <property name="sun.io.unicode.encoding" value="UnicodeBig"/>
    <property name="socksNonProxyHosts" value="local|*.local|169.254/16|*.169.254/16"/>
    <property name="java.class.version" value="61.0"/>
  </properties>
  <testcase name="clhLock" classname="kas.concurrente.LockTest" time="4.182"/>
</testsuite>